========================================
LAZIO v ATALANTA - MARKET 1.253489253
Post-event Data Integrity & Book Risk L3 Report (public schema)
========================================

--- Event metadata (kickoff) ---
  market_id  |    event_name    |    event_open_date     | competition_name | home_runner_name | away_runner_name | draw_runner_name 
-------------+------------------+------------------------+------------------+------------------+------------------+------------------
 1.253489253 | Lazio v Atalanta | 2026-02-14 17:00:00+00 | Italian Serie A  | Lazio            | Atalanta         | The Draw
(1 row)


=== A1) SNAPSHOT CONTINUITY ===
 total_snapshots |        min_snapshot_at        |       max_snapshot_at        | avg_interval_seconds | gaps_over_15min 
-----------------+-------------------------------+------------------------------+----------------------+-----------------
             208 | 2026-02-13 19:02:41.819646+00 | 2026-02-14 17:51:58.46679+00 |                396.9 |               4
(1 row)


--- A1) Detected time gaps (>15 min) ---
           gap_start           |            gap_end            |    duration     |   period    
-------------------------------+-------------------------------+-----------------+-------------
 2026-02-13 19:04:00.148478+00 | 2026-02-13 19:32:42.666092+00 | 00:28:42.517614 | PRE-KICKOFF
 2026-02-13 20:04:02.124375+00 | 2026-02-13 20:32:44.381932+00 | 00:28:42.257557 | PRE-KICKOFF
 2026-02-14 11:36:47.708402+00 | 2026-02-14 13:16:53.697452+00 | 01:40:05.98905  | PRE-KICKOFF
 2026-02-14 14:36:52.830704+00 | 2026-02-14 15:01:56.530825+00 | 00:25:03.700121 | PRE-KICKOFF
(4 rows)


=== A2) DERIVED METRICS COMPLETENESS ===
 total_snapshots | snapshots_with_null_book_risk_l3 | snapshots_missing_home_l2 | snapshots_missing_home_l3 | snapshots_null_total_volume 
-----------------+----------------------------------+---------------------------+---------------------------+-----------------------------
             208 |                                0 |                       177 |                       177 |                           0
(1 row)


=== A3) PRE-MATCH DATA ===
 pre_match_snapshots_6h_to_kickoff | snapshots_last_1h | with_full_book_risk_l3 | with_l1_liquidity 
-----------------------------------+-------------------+------------------------+-------------------
                                51 |                12 |                     51 |                34
(1 row)


=== A4) Sample: Snapshots with NULL book_risk_l3 (first 10) ===
 snapshot_id | snapshot_at | home_book_risk_l3 | away_book_risk_l3 | draw_book_risk_l3 
-------------+-------------+-------------------+-------------------+-------------------
(0 rows)


=== B) Book Risk L3 at 5 key time points ===
     pt      |          snapshot_at          |       home_br       |       away_br       |      draw_br       
-------------+-------------------------------+---------------------+---------------------+--------------------
 T-6h        | 2026-02-14 11:01:50.109916+00 |  -8256.365000000002 |         -17504.7116 | 30587.819499999998
 T-1h        | 2026-02-14 16:01:58.331293+00 |          -15245.801 | -15911.201399999998 |         35594.0805
 Kickoff     | 2026-02-14 17:02:00.263093+00 |          -14638.939 |          -8010.8534 |          23467.057
 Mid-match   | 2026-02-14 17:47:01.912433+00 |           -5570.846 | -118.04120000000012 | 1997.2790000000005
 Final 15min | 2026-02-14 17:51:58.46679+00  | -2000.9710000000014 | -1201.1882000000005 |           3069.647
(5 rows)


=== C) Sample: Low liquidity or NULL book_risk ===
 snapshot_id |          snapshot_at          |  home_book_risk_l3  |  away_book_risk_l3  |  draw_book_risk_l3  | home_best_back_size_l1 | away_best_back_size_l1 | draw_best_back_size_l1 
-------------+-------------------------------+---------------------+---------------------+---------------------+------------------------+------------------------+------------------------
       10796 | 2026-02-14 17:48:20.685147+00 |  -5632.931999999998 |  1649.7301000000002 | -3499.5510000000004 |                        |                        |                       
       10766 | 2026-02-14 17:33:20.258612+00 | -1378.5060000000003 |   256.3090000000002 |   632.1571999999996 |                        |                        |                       
       10737 | 2026-02-14 17:18:19.748822+00 |  1808.7579999999998 |  -368.1893999999993 |          -1432.1084 |                        |                        |                       
       10707 | 2026-02-14 17:03:19.313331+00 |          -3877.0695 |          -1802.7752 |  5891.6675000000005 |                        |                        |                       
       10677 | 2026-02-14 16:48:18.825788+00 | -19574.572999999997 |  -8820.493599999998 |           27647.292 |                        |                        |                       
       10647 | 2026-02-14 16:33:18.387878+00 |  -8783.136000000002 | -19093.659800000005 |  31333.401000000005 |                        |                        |                       
       10616 | 2026-02-14 16:18:17.897202+00 |         -19402.6095 |          -9820.5808 |  28453.052999999996 |                        |                        |                       
       10586 | 2026-02-14 16:03:17.421848+00 | -16528.086000000003 | -13758.943999999998 |   33310.39199999999 |                        |                        |                       
       10558 | 2026-02-14 15:48:17.015778+00 | -14237.945499999998 | -15427.871199999998 |           33850.829 |                        |                        |                       
       10528 | 2026-02-14 15:33:16.561301+00 |         -16353.3155 | -14045.986599999997 |   33406.86749999999 |                        |                        |                       
       10496 | 2026-02-14 15:18:15.942115+00 |          -23011.532 |  -7357.603199999998 |  28659.171000000002 |                        |                        |                       
       10466 | 2026-02-14 15:03:15.518224+00 |          -18769.882 |         -13631.7864 |          34689.6455 |                        |                        |                       
       10406 | 2026-02-14 14:33:14.726034+00 |          -13438.453 |         -17166.0708 |          35315.0275 |                        |                        |                       
       10376 | 2026-02-14 14:18:14.315807+00 | -14933.885999999999 | -16377.270799999998 |   35500.51499999999 |                        |                        |                       
       10346 | 2026-02-14 14:03:13.911807+00 |          -17361.056 | -15316.467199999997 |           36128.892 |                        |                        |                       
(15 rows)


=== Raw payload: availableToBack for NULL book_risk snapshots ===
 snapshot_id | runners_count | has_atb | atb_levels 
-------------+---------------+---------+------------
(0 rows)


REPORT SQL COMPLETE
