========================================
LAZIO v ATALANTA - MARKET 1.253489253
Post-event Data Integrity & Book Risk L3 Report (public schema)
========================================

--- Event metadata (kickoff) ---
  market_id  |    event_name    |    event_open_date     | competition_name | home_runner_name | away_runner_name | draw_runner_name 
-------------+------------------+------------------------+------------------+------------------+------------------+------------------
 1.253489253 | Lazio v Atalanta | 2026-02-14 17:00:00+00 | Italian Serie A  | Lazio            | Atalanta         | The Draw
(1 row)


=== A1) SNAPSHOT CONTINUITY ===
 total_snapshots |        min_snapshot_at        |       max_snapshot_at        | avg_interval_seconds | gaps_over_15min 
-----------------+-------------------------------+------------------------------+----------------------+-----------------
             208 | 2026-02-13 19:02:41.819646+00 | 2026-02-14 17:51:58.46679+00 |                396.9 |               4
(1 row)


--- A1) Detected time gaps (>15 min) ---
           gap_start           |            gap_end            |    duration     |   period    
-------------------------------+-------------------------------+-----------------+-------------
 2026-02-13 19:04:00.148478+00 | 2026-02-13 19:32:42.666092+00 | 00:28:42.517614 | PRE-KICKOFF
 2026-02-13 20:04:02.124375+00 | 2026-02-13 20:32:44.381932+00 | 00:28:42.257557 | PRE-KICKOFF
 2026-02-14 11:36:47.708402+00 | 2026-02-14 13:16:53.697452+00 | 01:40:05.98905  | PRE-KICKOFF
 2026-02-14 14:36:52.830704+00 | 2026-02-14 15:01:56.530825+00 | 00:25:03.700121 | PRE-KICKOFF
(4 rows)


=== A2) DERIVED METRICS COMPLETENESS ===
 total_snapshots | snapshots_with_null_book_risk_l3 | snapshots_missing_home_l2 | snapshots_missing_home_l3 | snapshots_null_total_volume 
-----------------+----------------------------------+---------------------------+---------------------------+-----------------------------
             208 |                               56 |                       177 |                       177 |                           0
(1 row)


=== A3) PRE-MATCH DATA ===
 pre_match_snapshots_6h_to_kickoff | snapshots_last_1h | with_full_book_risk_l3 | with_l1_liquidity 
-----------------------------------+-------------------+------------------------+-------------------
                                51 |                12 |                     17 |                34
(1 row)


=== A4) Sample: Snapshots with NULL book_risk_l3 (first 10) ===
 snapshot_id |          snapshot_at          | home_book_risk_l3 | away_book_risk_l3 | draw_book_risk_l3 
-------------+-------------------------------+-------------------+-------------------+-------------------
       10796 | 2026-02-14 17:48:20.685147+00 |                   |                   |                  
       10786 | 2026-02-14 17:47:01.912433+00 |                   |                   |                  
       10766 | 2026-02-14 17:33:20.258612+00 |                   |                   |                  
       10756 | 2026-02-14 17:32:01.265092+00 |                   |                   |                  
       10737 | 2026-02-14 17:18:19.748822+00 |                   |                   |                  
       10727 | 2026-02-14 17:17:00.779713+00 |                   |                   |                  
       10707 | 2026-02-14 17:03:19.313331+00 |                   |                   |                  
       10697 | 2026-02-14 17:02:00.263093+00 |                   |                   |                  
       10677 | 2026-02-14 16:48:18.825788+00 |                   |                   |                  
       10667 | 2026-02-14 16:46:59.818526+00 |                   |                   |                  
(10 rows)


=== B) Book Risk L3 at 5 key time points ===
     pt      |          snapshot_at          |       home_br       |       away_br       | draw_br  
-------------+-------------------------------+---------------------+---------------------+----------
 T-6h        | 2026-02-14 11:01:50.109916+00 |                     |                     |         
 T-1h        | 2026-02-14 16:01:58.331293+00 |                     |                     |         
 Kickoff     | 2026-02-14 17:02:00.263093+00 |                     |                     |         
 Mid-match   | 2026-02-14 17:47:01.912433+00 |                     |                     |         
 Final 15min | 2026-02-14 17:51:58.46679+00  | -2000.9710000000014 | -1201.1882000000005 | 3069.647
(5 rows)


=== C) Sample: Low liquidity or NULL book_risk ===
 snapshot_id |          snapshot_at          | home_book_risk_l3 | away_book_risk_l3 | draw_book_risk_l3 | home_best_back_size_l1 | away_best_back_size_l1 | draw_best_back_size_l1 
-------------+-------------------------------+-------------------+-------------------+-------------------+------------------------+------------------------+------------------------
       10796 | 2026-02-14 17:48:20.685147+00 |                   |                   |                   |                        |                        |                       
       10786 | 2026-02-14 17:47:01.912433+00 |                   |                   |                   |                 106.09 |                  23.12 |                 775.52
       10766 | 2026-02-14 17:33:20.258612+00 |                   |                   |                   |                        |                        |                       
       10756 | 2026-02-14 17:32:01.265092+00 |                   |                   |                   |                 502.03 |                3610.79 |                 331.69
       10737 | 2026-02-14 17:18:19.748822+00 |                   |                   |                   |                        |                        |                       
       10727 | 2026-02-14 17:17:00.779713+00 |                   |                   |                   |                 909.53 |                 139.44 |                 184.88
       10707 | 2026-02-14 17:03:19.313331+00 |                   |                   |                   |                        |                        |                       
       10697 | 2026-02-14 17:02:00.263093+00 |                   |                   |                   |                 744.89 |                1531.63 |                4265.52
       10677 | 2026-02-14 16:48:18.825788+00 |                   |                   |                   |                        |                        |                       
       10667 | 2026-02-14 16:46:59.818526+00 |                   |                   |                   |                 795.73 |                 374.56 |                 648.46
       10647 | 2026-02-14 16:33:18.387878+00 |                   |                   |                   |                        |                        |                       
       10637 | 2026-02-14 16:31:59.347483+00 |                   |                   |                   |                2460.32 |                1379.06 |                4880.77
       10616 | 2026-02-14 16:18:17.897202+00 |                   |                   |                   |                        |                        |                       
       10606 | 2026-02-14 16:16:58.795553+00 |                   |                   |                   |                1821.87 |                4657.82 |                7956.43
       10586 | 2026-02-14 16:03:17.421848+00 |                   |                   |                   |                        |                        |                       
(15 rows)


=== Raw payload: availableToBack for NULL book_risk snapshots ===
 snapshot_id | runners_count | has_atb | atb_levels 
-------------+---------------+---------+------------
        9767 |             3 | t       |          3
        9777 |             3 | t       |          3
        9797 |             3 | t       |          3
        9807 |             3 | t       |          3
        9827 |             3 | t       |          3
(5 rows)


REPORT SQL COMPLETE
